<?xml version="1.0" encoding="UTF-8"?>
<!-- Generated by org.testng.reporters.JUnitXMLReporter -->
<testsuite ignored="0" hostname="fabrizio-P65" failures="0" tests="102" name="Command line test" time="0.123" errors="0" timestamp="2020-10-08T10:17:50 PET">
  <testcase classname="cs.lab.ValidatorTest" name="testCase1" time="0.005"/>
  <testcase classname="cs.lab.ValidatorTest" name="testCase1" time="0.025"/>
  <testcase classname="cs.lab.ValidatorTest" name="testCase1" time="0.016"/>
  <testcase classname="cs.lab.ValidatorTest" name="testCase1" time="0.016"/>
  <testcase classname="cs.lab.ValidatorTest" name="testCase1" time="0.025"/>
  <testcase classname="cs.lab.ValidatorTest" name="testCase1" time="0.037"/>
  <testcase classname="cs.lab.ValidatorTest" name="testCase1" time="0.023"/>
  <testcase classname="cs.lab.ValidatorTest" name="testCase1" time="0.037"/>
  <testcase classname="cs.lab.ValidatorTest" name="testCase1" time="0.037"/>
  <testcase classname="cs.lab.ValidatorTest" name="testCase1" time="0.016"/>
  <testcase classname="cs.lab.ValidatorTest" name="testCase1" time="0.015"/>
  <testcase classname="cs.lab.ValidatorTest" name="testCase1" time="0.015"/>
  <testcase classname="cs.lab.ValidatorTest" name="testCase1" time="0.024"/>
  <testcase classname="cs.lab.ValidatorTest" name="testCase1" time="0.039"/>
  <testcase classname="cs.lab.ValidatorTest" name="testCase1" time="0.037"/>
  <testcase classname="cs.lab.ValidatorTest" name="testCase1" time="0.015"/>
  <testcase classname="cs.lab.ValidatorTest" name="testCase1" time="0.037"/>
  <testcase classname="cs.lab.ValidatorTest" name="testCase1" time="0.037"/>
  <testcase classname="cs.lab.ValidatorTest" name="testCase1" time="0.023"/>
  <testcase classname="cs.lab.ValidatorTest" name="testCase1" time="0.038"/>
  <testcase classname="cs.lab.ValidatorTest" name="testCase1" time="0.008"/>
  <testcase classname="cs.lab.ValidatorTest" name="testCase1" time="0.038"/>
  <testcase classname="cs.lab.ValidatorTest" name="testCase1" time="0.038"/>
  <testcase classname="cs.lab.ValidatorTest" name="testCase1" time="0.039"/>
  <testcase classname="cs.lab.ValidatorTest" name="testCase1" time="0.035"/>
  <testcase classname="cs.lab.ValidatorTest" name="testCase1" time="0.0"/>
  <testcase classname="cs.lab.ValidatorTest" name="testCase1" time="0.007"/>
  <testcase classname="cs.lab.ValidatorTest" name="testCase1" time="0.037"/>
  <testcase classname="cs.lab.ValidatorTest" name="testCase1" time="0.038"/>
  <testcase classname="cs.lab.ValidatorTest" name="testCase1" time="0.008"/>
  <testcase classname="cs.lab.ValidatorTest" name="testCase1" time="0.037"/>
  <testcase classname="cs.lab.ValidatorTest" name="testCase1" time="0.007"/>
  <testcase classname="cs.lab.ValidatorTest" name="testCase1" time="0.037"/>
  <testcase classname="cs.lab.ValidatorTest" name="testCase1" time="0.037"/>
  <testcase classname="cs.lab.ValidatorTest" name="testCase1" time="0.038"/>
  <testcase classname="cs.lab.ValidatorTest" name="testCase1" time="0.0"/>
  <testcase classname="cs.lab.ValidatorTest" name="testCase1" time="0.037"/>
  <testcase classname="cs.lab.ValidatorTest" name="testCase1" time="0.038"/>
  <testcase classname="cs.lab.ValidatorTest" name="testCase1" time="0.038"/>
  <testcase classname="cs.lab.ValidatorTest" name="testCase1" time="0.037"/>
  <testcase classname="cs.lab.ValidatorTest" name="testCase1" time="0.008"/>
  <testcase classname="cs.lab.ValidatorTest" name="testCase1" time="0.036"/>
  <testcase classname="cs.lab.ValidatorTest" name="testCase1" time="0.009"/>
  <testcase classname="cs.lab.ValidatorTest" name="testCase1" time="0.008"/>
  <testcase classname="cs.lab.ValidatorTest" name="testCase1" time="0.037"/>
  <testcase classname="cs.lab.ValidatorTest" name="testCase1" time="0.037"/>
  <testcase classname="cs.lab.ValidatorTest" name="testCase1" time="0.009"/>
  <testcase classname="cs.lab.ValidatorTest" name="testCase1" time="0.037"/>
  <testcase classname="cs.lab.ValidatorTest" name="testCase1" time="0.009"/>
  <testcase classname="cs.lab.ValidatorTest" name="testCase1" time="0.011"/>
  <testcase classname="cs.lab.ValidatorTest" name="testCase1" time="0.011"/>
  <testcase classname="cs.lab.ValidatorTest" name="testCase1" time="0.001"/>
  <testcase classname="cs.lab.ValidatorTest" name="testCase1" time="0.036"/>
  <testcase classname="cs.lab.ValidatorTest" name="testCase1" time="0.012"/>
  <testcase classname="cs.lab.ValidatorTest" name="testCase1" time="0.027"/>
  <testcase classname="cs.lab.ValidatorTest" name="testCase1" time="0.025"/>
  <testcase classname="cs.lab.ValidatorTest" name="testCase1" time="0.012"/>
  <testcase classname="cs.lab.ValidatorTest" name="testCase1" time="0.001"/>
  <testcase classname="cs.lab.ValidatorTest" name="testCase1" time="0.036"/>
  <testcase classname="cs.lab.ValidatorTest" name="testCase1" time="0.011"/>
  <testcase classname="cs.lab.ValidatorTest" name="testCase1" time="0.037"/>
  <testcase classname="cs.lab.ValidatorTest" name="testCase1" time="0.012"/>
  <testcase classname="cs.lab.ValidatorTest" name="testCase1" time="0.027"/>
  <testcase classname="cs.lab.ValidatorTest" name="testCase1" time="0.002"/>
  <testcase classname="cs.lab.ValidatorTest" name="testCase1" time="0.037"/>
  <testcase classname="cs.lab.ValidatorTest" name="testCase1" time="0.037"/>
  <testcase classname="cs.lab.ValidatorTest" name="testCase1" time="0.037"/>
  <testcase classname="cs.lab.ValidatorTest" name="testCase1" time="0.025"/>
  <testcase classname="cs.lab.ValidatorTest" name="testCase1" time="0.015"/>
  <testcase classname="cs.lab.ValidatorTest" name="testCase1" time="0.023"/>
  <testcase classname="cs.lab.ValidatorTest" name="testCase1" time="0.037"/>
  <testcase classname="cs.lab.ValidatorTest" name="testCase1" time="0.035"/>
  <testcase classname="cs.lab.ValidatorTest" name="testCase1" time="0.0"/>
  <testcase classname="cs.lab.ValidatorTest" name="testCase1" time="0.0"/>
  <testcase classname="cs.lab.ValidatorTest" name="testCase1" time="0.0"/>
  <testcase classname="cs.lab.ValidatorTest" name="testCase1" time="0.0"/>
  <testcase classname="cs.lab.ValidatorTest" name="testCase1" time="0.0"/>
  <testcase classname="cs.lab.ValidatorTest" name="testCase1" time="0.0"/>
  <testcase classname="cs.lab.ValidatorTest" name="testCase1" time="0.0"/>
  <testcase classname="cs.lab.ValidatorTest" name="testCase1" time="0.0"/>
  <testcase classname="cs.lab.ValidatorTest" name="testCase1" time="0.0"/>
  <testcase classname="cs.lab.ValidatorTest" name="testCase1" time="0.0"/>
  <testcase classname="cs.lab.ValidatorTest" name="testCase1" time="0.0"/>
  <testcase classname="cs.lab.ValidatorTest" name="testCase1" time="0.0"/>
  <testcase classname="cs.lab.ValidatorTest" name="testCase1" time="0.0"/>
  <testcase classname="cs.lab.ValidatorTest" name="testCase1" time="0.0"/>
  <testcase classname="cs.lab.ValidatorTest" name="testCase1" time="0.0"/>
  <testcase classname="cs.lab.ValidatorTest" name="testCase1" time="0.0"/>
  <testcase classname="cs.lab.ValidatorTest" name="testCase1" time="0.0"/>
  <testcase classname="cs.lab.ValidatorTest" name="testCase1" time="0.0"/>
  <testcase classname="cs.lab.ValidatorTest" name="testCase1" time="0.0"/>
  <testcase classname="cs.lab.ValidatorTest" name="testCase1" time="0.0"/>
  <testcase classname="cs.lab.ValidatorTest" name="testCase1" time="0.0"/>
  <testcase classname="cs.lab.ValidatorTest" name="testCase1" time="0.0"/>
  <testcase classname="cs.lab.ValidatorTest" name="testCase1" time="0.0"/>
  <testcase classname="cs.lab.ValidatorTest" name="testCase1" time="0.0"/>
  <testcase classname="cs.lab.ValidatorTest" name="testCase1" time="0.0"/>
  <testcase classname="cs.lab.ValidatorTest" name="testCase1" time="0.0"/>
  <testcase classname="cs.lab.ValidatorTest" name="testCase1" time="0.0"/>
  <testcase classname="cs.lab.ValidatorTest" name="testCase1" time="0.0"/>
  <testcase classname="cs.lab.ValidatorTest" name="testCase2" time="0.0"/>
  <testcase classname="cs.lab.ValidatorTest" name="testIncorrectFormat" time="0.0"/>
</testsuite> <!-- Command line test -->
