<?xml version="1.0" encoding="UTF-8"?>
<!-- Generated by org.testng.reporters.JUnitXMLReporter -->
<testsuite ignored="0" hostname="fabrizio-P65" failures="1" tests="102" name="Command line test" time="0.125" errors="0" timestamp="2020-10-08T10:26:22 PET">
  <testcase classname="cs.lab.ValidatorTest" name="testCase1" time="0.013"/>
  <testcase classname="cs.lab.ValidatorTest" name="testCase1" time="0.045"/>
  <testcase classname="cs.lab.ValidatorTest" name="testCase1" time="0.01"/>
  <testcase classname="cs.lab.ValidatorTest" name="testCase1" time="0.03"/>
  <testcase classname="cs.lab.ValidatorTest" name="testCase1" time="0.045"/>
  <testcase classname="cs.lab.ValidatorTest" name="testCase1" time="0.044"/>
  <testcase classname="cs.lab.ValidatorTest" name="testCase1" time="0.044"/>
  <testcase classname="cs.lab.ValidatorTest" name="testCase1" time="0.042"/>
  <testcase classname="cs.lab.ValidatorTest" name="testCase1" time="0.043"/>
  <testcase classname="cs.lab.ValidatorTest" name="testCase1" time="0.039"/>
  <testcase classname="cs.lab.ValidatorTest" name="testCase1" time="0.015"/>
  <testcase classname="cs.lab.ValidatorTest" name="testCase1" time="0.012"/>
  <testcase classname="cs.lab.ValidatorTest" name="testCase1" time="0.044"/>
  <testcase classname="cs.lab.ValidatorTest" name="testCase1" time="0.008"/>
  <testcase classname="cs.lab.ValidatorTest" name="testCase1" time="0.042"/>
  <testcase classname="cs.lab.ValidatorTest" name="testCase1" time="0.041"/>
  <testcase classname="cs.lab.ValidatorTest" name="testCase1" time="0.016"/>
  <testcase classname="cs.lab.ValidatorTest" name="testCase1" time="0.043"/>
  <testcase classname="cs.lab.ValidatorTest" name="testCase1" time="0.013"/>
  <testcase classname="cs.lab.ValidatorTest" name="testCase1" time="0.016"/>
  <testcase classname="cs.lab.ValidatorTest" name="testCase1" time="0.009"/>
  <testcase classname="cs.lab.ValidatorTest" name="testCase1" time="0.043"/>
  <testcase classname="cs.lab.ValidatorTest" name="testCase1" time="0.042"/>
  <testcase classname="cs.lab.ValidatorTest" name="testCase1" time="0.012"/>
  <testcase classname="cs.lab.ValidatorTest" name="testCase1" time="0.041"/>
  <testcase classname="cs.lab.ValidatorTest" name="testCase1" time="0.033"/>
  <testcase classname="cs.lab.ValidatorTest" name="testCase1" time="0.042"/>
  <testcase classname="cs.lab.ValidatorTest" name="testCase1" time="0.041"/>
  <testcase classname="cs.lab.ValidatorTest" name="testCase1" time="0.018"/>
  <testcase classname="cs.lab.ValidatorTest" name="testCase1" time="0.045"/>
  <testcase classname="cs.lab.ValidatorTest" name="testCase1" time="0.017"/>
  <testcase classname="cs.lab.ValidatorTest" name="testCase1" time="0.017"/>
  <testcase classname="cs.lab.ValidatorTest" name="testCase1" time="0.035"/>
  <testcase classname="cs.lab.ValidatorTest" name="testCase1" time="0.015"/>
  <testcase classname="cs.lab.ValidatorTest" name="testCase1" time="0.016"/>
  <testcase classname="cs.lab.ValidatorTest" name="testCase1" time="0.015"/>
  <testcase classname="cs.lab.ValidatorTest" name="testCase1" time="0.016"/>
  <testcase classname="cs.lab.ValidatorTest" name="testCase1" time="0.026"/>
  <testcase classname="cs.lab.ValidatorTest" name="testCase1" time="0.041"/>
  <testcase classname="cs.lab.ValidatorTest" name="testCase1" time="0.044"/>
  <testcase classname="cs.lab.ValidatorTest" name="testCase1" time="0.043"/>
  <testcase classname="cs.lab.ValidatorTest" name="testCase1" time="0.043"/>
  <testcase classname="cs.lab.ValidatorTest" name="testCase1" time="0.011"/>
  <testcase classname="cs.lab.ValidatorTest" name="testCase1" time="0.011"/>
  <testcase classname="cs.lab.ValidatorTest" name="testCase1" time="0.043"/>
  <testcase classname="cs.lab.ValidatorTest" name="testCase1" time="0.037"/>
  <testcase classname="cs.lab.ValidatorTest" name="testCase1" time="0.041"/>
  <testcase classname="cs.lab.ValidatorTest" name="testCase1" time="0.013"/>
  <testcase classname="cs.lab.ValidatorTest" name="testCase1" time="0.012"/>
  <testcase classname="cs.lab.ValidatorTest" name="testCase1" time="0.012"/>
  <testcase classname="cs.lab.ValidatorTest" name="testCase1" time="0.004"/>
  <testcase classname="cs.lab.ValidatorTest" name="testCase1" time="0.011"/>
  <testcase classname="cs.lab.ValidatorTest" name="testCase1" time="0.043"/>
  <testcase classname="cs.lab.ValidatorTest" name="testCase1" time="0.017"/>
  <testcase classname="cs.lab.ValidatorTest" name="testCase1" time="0.044"/>
  <testcase classname="cs.lab.ValidatorTest" name="testCase1" time="0.049"/>
  <testcase classname="cs.lab.ValidatorTest" name="testCase1" time="0.031"/>
  <testcase classname="cs.lab.ValidatorTest" name="testCase1" time="0.048"/>
  <testcase classname="cs.lab.ValidatorTest" name="testCase1" time="0.031"/>
  <testcase classname="cs.lab.ValidatorTest" name="testCase1" time="0.023"/>
  <testcase classname="cs.lab.ValidatorTest" name="testCase1" time="0.009"/>
  <testcase classname="cs.lab.ValidatorTest" name="testCase1" time="0.049"/>
  <testcase classname="cs.lab.ValidatorTest" name="testCase1" time="0.033"/>
  <testcase classname="cs.lab.ValidatorTest" name="testCase1" time="0.036"/>
  <testcase classname="cs.lab.ValidatorTest" name="testCase1" time="0.029"/>
  <testcase classname="cs.lab.ValidatorTest" name="testCase1" time="0.05"/>
  <testcase classname="cs.lab.ValidatorTest" name="testCase1" time="0.05"/>
  <testcase classname="cs.lab.ValidatorTest" name="testCase1" time="0.049"/>
  <testcase classname="cs.lab.ValidatorTest" name="testCase1" time="0.049"/>
  <testcase classname="cs.lab.ValidatorTest" name="testCase1" time="0.05"/>
  <testcase classname="cs.lab.ValidatorTest" name="testCase1" time="0.05"/>
  <testcase classname="cs.lab.ValidatorTest" name="testCase1" time="0.051"/>
  <testcase classname="cs.lab.ValidatorTest" name="testCase1" time="0.051"/>
  <testcase classname="cs.lab.ValidatorTest" name="testCase1" time="0.05"/>
  <testcase classname="cs.lab.ValidatorTest" name="testCase1" time="0.012"/>
  <testcase classname="cs.lab.ValidatorTest" name="testCase1" time="0.05"/>
  <testcase classname="cs.lab.ValidatorTest" name="testCase1" time="0.0"/>
  <testcase classname="cs.lab.ValidatorTest" name="testCase1" time="0.0"/>
  <testcase classname="cs.lab.ValidatorTest" name="testCase1" time="0.001"/>
  <testcase classname="cs.lab.ValidatorTest" name="testCase1" time="0.001"/>
  <testcase classname="cs.lab.ValidatorTest" name="testCase1" time="0.001"/>
  <testcase classname="cs.lab.ValidatorTest" name="testCase1" time="0.001"/>
  <testcase classname="cs.lab.ValidatorTest" name="testCase1" time="0.0"/>
  <testcase classname="cs.lab.ValidatorTest" name="testCase1" time="0.0"/>
  <testcase classname="cs.lab.ValidatorTest" name="testCase1" time="0.0"/>
  <testcase classname="cs.lab.ValidatorTest" name="testCase1" time="0.0"/>
  <testcase classname="cs.lab.ValidatorTest" name="testCase1" time="0.001"/>
  <testcase classname="cs.lab.ValidatorTest" name="testCase1" time="0.0"/>
  <testcase classname="cs.lab.ValidatorTest" name="testCase1" time="0.0"/>
  <testcase classname="cs.lab.ValidatorTest" name="testCase1" time="0.001"/>
  <testcase classname="cs.lab.ValidatorTest" name="testCase1" time="0.0"/>
  <testcase classname="cs.lab.ValidatorTest" name="testCase1" time="0.0"/>
  <testcase classname="cs.lab.ValidatorTest" name="testCase1" time="0.0"/>
  <testcase classname="cs.lab.ValidatorTest" name="testCase1" time="0.0"/>
  <testcase classname="cs.lab.ValidatorTest" name="testCase1" time="0.0"/>
  <testcase classname="cs.lab.ValidatorTest" name="testCase1" time="0.0"/>
  <testcase classname="cs.lab.ValidatorTest" name="testCase1" time="0.0"/>
  <testcase classname="cs.lab.ValidatorTest" name="testCase1" time="0.0"/>
  <testcase classname="cs.lab.ValidatorTest" name="testCase1" time="0.0"/>
  <testcase classname="cs.lab.ValidatorTest" name="testCase1" time="0.0"/>
  <testcase classname="cs.lab.ValidatorTest" name="testCase2" time="0.0">
    <failure type="cs.lab.IncorrectFormatException" message="Revise su formato">
      <![CDATA[cs.lab.IncorrectFormatException: Revise su formato
at cs.lab.Description.validate(Description.java:25)
at cs.lab.Validator.nextClass(Validator.java:33)
at cs.lab.ValidatorTest.testCase2(ValidatorTest.java:38)
... Removed 34 stack frames]]>
    </failure>
  </testcase> <!-- testCase2 -->
  <testcase classname="cs.lab.ValidatorTest" name="testIncorrectFormat" time="0.001"/>
</testsuite> <!-- Command line test -->
