<?xml version="1.0" encoding="UTF-8"?>
<testng-results ignored="0" total="102" passed="101" failed="1" skipped="0">
  <reporter-output>
  </reporter-output>
  <suite started-at="2020-10-08T10:26:22 PET" name="cs.lab.ValidatorTest" finished-at="2020-10-08T10:26:22 PET" duration-ms="125">
    <groups>
    </groups>
    <test started-at="2020-10-08T10:26:22 PET" name="Command line test" finished-at="2020-10-08T10:26:22 PET" duration-ms="125">
      <class name="cs.lab.ValidatorTest">
        <test-method signature="testCase1()[pri:0, instance:cs.lab.ValidatorTest@76075d65]" started-at="2020-10-08T10:26:22 PET" name="testCase1" finished-at="2020-10-08T10:26:22 PET" duration-ms="43" status="PASS">
          <reporter-output>
          </reporter-output>
        </test-method> <!-- testCase1 -->
        <test-method signature="testCase1()[pri:0, instance:cs.lab.ValidatorTest@76075d65]" started-at="2020-10-08T10:26:22 PET" name="testCase1" finished-at="2020-10-08T10:26:22 PET" duration-ms="43" status="PASS">
          <reporter-output>
          </reporter-output>
        </test-method> <!-- testCase1 -->
        <test-method signature="testCase1()[pri:0, instance:cs.lab.ValidatorTest@76075d65]" started-at="2020-10-08T10:26:22 PET" name="testCase1" finished-at="2020-10-08T10:26:22 PET" duration-ms="41" status="PASS">
          <reporter-output>
          </reporter-output>
        </test-method> <!-- testCase1 -->
        <test-method signature="testCase1()[pri:0, instance:cs.lab.ValidatorTest@76075d65]" started-at="2020-10-08T10:26:22 PET" name="testCase1" finished-at="2020-10-08T10:26:22 PET" duration-ms="43" status="PASS">
          <reporter-output>
          </reporter-output>
        </test-method> <!-- testCase1 -->
        <test-method signature="testCase1()[pri:0, instance:cs.lab.ValidatorTest@76075d65]" started-at="2020-10-08T10:26:22 PET" name="testCase1" finished-at="2020-10-08T10:26:22 PET" duration-ms="45" status="PASS">
          <reporter-output>
          </reporter-output>
        </test-method> <!-- testCase1 -->
        <test-method signature="testCase1()[pri:0, instance:cs.lab.ValidatorTest@76075d65]" started-at="2020-10-08T10:26:22 PET" name="testCase1" finished-at="2020-10-08T10:26:22 PET" duration-ms="43" status="PASS">
          <reporter-output>
          </reporter-output>
        </test-method> <!-- testCase1 -->
        <test-method signature="testCase1()[pri:0, instance:cs.lab.ValidatorTest@76075d65]" started-at="2020-10-08T10:26:22 PET" name="testCase1" finished-at="2020-10-08T10:26:22 PET" duration-ms="44" status="PASS">
          <reporter-output>
          </reporter-output>
        </test-method> <!-- testCase1 -->
        <test-method signature="testCase1()[pri:0, instance:cs.lab.ValidatorTest@76075d65]" started-at="2020-10-08T10:26:22 PET" name="testCase1" finished-at="2020-10-08T10:26:22 PET" duration-ms="50" status="PASS">
          <reporter-output>
          </reporter-output>
        </test-method> <!-- testCase1 -->
        <test-method signature="testCase1()[pri:0, instance:cs.lab.ValidatorTest@76075d65]" started-at="2020-10-08T10:26:22 PET" name="testCase1" finished-at="2020-10-08T10:26:22 PET" duration-ms="44" status="PASS">
          <reporter-output>
          </reporter-output>
        </test-method> <!-- testCase1 -->
        <test-method signature="testCase1()[pri:0, instance:cs.lab.ValidatorTest@76075d65]" started-at="2020-10-08T10:26:22 PET" name="testCase1" finished-at="2020-10-08T10:26:22 PET" duration-ms="50" status="PASS">
          <reporter-output>
          </reporter-output>
        </test-method> <!-- testCase1 -->
        <test-method signature="testCase1()[pri:0, instance:cs.lab.ValidatorTest@76075d65]" started-at="2020-10-08T10:26:22 PET" name="testCase1" finished-at="2020-10-08T10:26:22 PET" duration-ms="45" status="PASS">
          <reporter-output>
          </reporter-output>
        </test-method> <!-- testCase1 -->
        <test-method signature="testCase1()[pri:0, instance:cs.lab.ValidatorTest@76075d65]" started-at="2020-10-08T10:26:22 PET" name="testCase1" finished-at="2020-10-08T10:26:22 PET" duration-ms="50" status="PASS">
          <reporter-output>
          </reporter-output>
        </test-method> <!-- testCase1 -->
        <test-method signature="testCase1()[pri:0, instance:cs.lab.ValidatorTest@76075d65]" started-at="2020-10-08T10:26:22 PET" name="testCase1" finished-at="2020-10-08T10:26:22 PET" duration-ms="51" status="PASS">
          <reporter-output>
          </reporter-output>
        </test-method> <!-- testCase1 -->
        <test-method signature="testCase1()[pri:0, instance:cs.lab.ValidatorTest@76075d65]" started-at="2020-10-08T10:26:22 PET" name="testCase1" finished-at="2020-10-08T10:26:22 PET" duration-ms="51" status="PASS">
          <reporter-output>
          </reporter-output>
        </test-method> <!-- testCase1 -->
        <test-method signature="testCase1()[pri:0, instance:cs.lab.ValidatorTest@76075d65]" started-at="2020-10-08T10:26:22 PET" name="testCase1" finished-at="2020-10-08T10:26:22 PET" duration-ms="50" status="PASS">
          <reporter-output>
          </reporter-output>
        </test-method> <!-- testCase1 -->
        <test-method signature="testCase1()[pri:0, instance:cs.lab.ValidatorTest@76075d65]" started-at="2020-10-08T10:26:22 PET" name="testCase1" finished-at="2020-10-08T10:26:22 PET" duration-ms="44" status="PASS">
          <reporter-output>
          </reporter-output>
        </test-method> <!-- testCase1 -->
        <test-method signature="testCase1()[pri:0, instance:cs.lab.ValidatorTest@76075d65]" started-at="2020-10-08T10:26:22 PET" name="testCase1" finished-at="2020-10-08T10:26:22 PET" duration-ms="42" status="PASS">
          <reporter-output>
          </reporter-output>
        </test-method> <!-- testCase1 -->
        <test-method signature="testCase1()[pri:0, instance:cs.lab.ValidatorTest@76075d65]" started-at="2020-10-08T10:26:22 PET" name="testCase1" finished-at="2020-10-08T10:26:22 PET" duration-ms="49" status="PASS">
          <reporter-output>
          </reporter-output>
        </test-method> <!-- testCase1 -->
        <test-method signature="testCase1()[pri:0, instance:cs.lab.ValidatorTest@76075d65]" started-at="2020-10-08T10:26:22 PET" name="testCase1" finished-at="2020-10-08T10:26:22 PET" duration-ms="42" status="PASS">
          <reporter-output>
          </reporter-output>
        </test-method> <!-- testCase1 -->
        <test-method signature="testCase1()[pri:0, instance:cs.lab.ValidatorTest@76075d65]" started-at="2020-10-08T10:26:22 PET" name="testCase1" finished-at="2020-10-08T10:26:22 PET" duration-ms="44" status="PASS">
          <reporter-output>
          </reporter-output>
        </test-method> <!-- testCase1 -->
        <test-method signature="testCase1()[pri:0, instance:cs.lab.ValidatorTest@76075d65]" started-at="2020-10-08T10:26:22 PET" name="testCase1" finished-at="2020-10-08T10:26:22 PET" duration-ms="49" status="PASS">
          <reporter-output>
          </reporter-output>
        </test-method> <!-- testCase1 -->
        <test-method signature="testCase1()[pri:0, instance:cs.lab.ValidatorTest@76075d65]" started-at="2020-10-08T10:26:22 PET" name="testCase1" finished-at="2020-10-08T10:26:22 PET" duration-ms="50" status="PASS">
          <reporter-output>
          </reporter-output>
        </test-method> <!-- testCase1 -->
        <test-method signature="testCase1()[pri:0, instance:cs.lab.ValidatorTest@76075d65]" started-at="2020-10-08T10:26:22 PET" name="testCase1" finished-at="2020-10-08T10:26:22 PET" duration-ms="41" status="PASS">
          <reporter-output>
          </reporter-output>
        </test-method> <!-- testCase1 -->
        <test-method signature="testCase1()[pri:0, instance:cs.lab.ValidatorTest@76075d65]" started-at="2020-10-08T10:26:22 PET" name="testCase1" finished-at="2020-10-08T10:26:22 PET" duration-ms="48" status="PASS">
          <reporter-output>
          </reporter-output>
        </test-method> <!-- testCase1 -->
        <test-method signature="testCase1()[pri:0, instance:cs.lab.ValidatorTest@76075d65]" started-at="2020-10-08T10:26:22 PET" name="testCase1" finished-at="2020-10-08T10:26:22 PET" duration-ms="41" status="PASS">
          <reporter-output>
          </reporter-output>
        </test-method> <!-- testCase1 -->
        <test-method signature="testCase1()[pri:0, instance:cs.lab.ValidatorTest@76075d65]" started-at="2020-10-08T10:26:22 PET" name="testCase1" finished-at="2020-10-08T10:26:22 PET" duration-ms="43" status="PASS">
          <reporter-output>
          </reporter-output>
        </test-method> <!-- testCase1 -->
        <test-method signature="testCase1()[pri:0, instance:cs.lab.ValidatorTest@76075d65]" started-at="2020-10-08T10:26:22 PET" name="testCase1" finished-at="2020-10-08T10:26:22 PET" duration-ms="49" status="PASS">
          <reporter-output>
          </reporter-output>
        </test-method> <!-- testCase1 -->
        <test-method signature="testCase1()[pri:0, instance:cs.lab.ValidatorTest@76075d65]" started-at="2020-10-08T10:26:22 PET" name="testCase1" finished-at="2020-10-08T10:26:22 PET" duration-ms="41" status="PASS">
          <reporter-output>
          </reporter-output>
        </test-method> <!-- testCase1 -->
        <test-method signature="testCase1()[pri:0, instance:cs.lab.ValidatorTest@76075d65]" started-at="2020-10-08T10:26:22 PET" name="testCase1" finished-at="2020-10-08T10:26:22 PET" duration-ms="42" status="PASS">
          <reporter-output>
          </reporter-output>
        </test-method> <!-- testCase1 -->
        <test-method signature="testCase1()[pri:0, instance:cs.lab.ValidatorTest@76075d65]" started-at="2020-10-08T10:26:22 PET" name="testCase1" finished-at="2020-10-08T10:26:22 PET" duration-ms="43" status="PASS">
          <reporter-output>
          </reporter-output>
        </test-method> <!-- testCase1 -->
        <test-method signature="testCase1()[pri:0, instance:cs.lab.ValidatorTest@76075d65]" started-at="2020-10-08T10:26:22 PET" name="testCase1" finished-at="2020-10-08T10:26:22 PET" duration-ms="45" status="PASS">
          <reporter-output>
          </reporter-output>
        </test-method> <!-- testCase1 -->
        <test-method signature="testCase1()[pri:0, instance:cs.lab.ValidatorTest@76075d65]" started-at="2020-10-08T10:26:22 PET" name="testCase1" finished-at="2020-10-08T10:26:22 PET" duration-ms="50" status="PASS">
          <reporter-output>
          </reporter-output>
        </test-method> <!-- testCase1 -->
        <test-method signature="testCase1()[pri:0, instance:cs.lab.ValidatorTest@76075d65]" started-at="2020-10-08T10:26:22 PET" name="testCase1" finished-at="2020-10-08T10:26:22 PET" duration-ms="49" status="PASS">
          <reporter-output>
          </reporter-output>
        </test-method> <!-- testCase1 -->
        <test-method signature="testCase1()[pri:0, instance:cs.lab.ValidatorTest@76075d65]" started-at="2020-10-08T10:26:22 PET" name="testCase1" finished-at="2020-10-08T10:26:22 PET" duration-ms="42" status="PASS">
          <reporter-output>
          </reporter-output>
        </test-method> <!-- testCase1 -->
        <test-method signature="testCase1()[pri:0, instance:cs.lab.ValidatorTest@76075d65]" started-at="2020-10-08T10:26:22 PET" name="testCase1" finished-at="2020-10-08T10:26:22 PET" duration-ms="43" status="PASS">
          <reporter-output>
          </reporter-output>
        </test-method> <!-- testCase1 -->
        <test-method signature="testCase1()[pri:0, instance:cs.lab.ValidatorTest@76075d65]" started-at="2020-10-08T10:26:22 PET" name="testCase1" finished-at="2020-10-08T10:26:22 PET" duration-ms="41" status="PASS">
          <reporter-output>
          </reporter-output>
        </test-method> <!-- testCase1 -->
        <test-method signature="testCase1()[pri:0, instance:cs.lab.ValidatorTest@76075d65]" started-at="2020-10-08T10:26:22 PET" name="testCase1" finished-at="2020-10-08T10:26:22 PET" duration-ms="44" status="PASS">
          <reporter-output>
          </reporter-output>
        </test-method> <!-- testCase1 -->
        <test-method signature="testCase1()[pri:0, instance:cs.lab.ValidatorTest@76075d65]" started-at="2020-10-08T10:26:22 PET" name="testCase1" finished-at="2020-10-08T10:26:22 PET" duration-ms="39" status="PASS">
          <reporter-output>
          </reporter-output>
        </test-method> <!-- testCase1 -->
        <test-method signature="testCase1()[pri:0, instance:cs.lab.ValidatorTest@76075d65]" started-at="2020-10-08T10:26:22 PET" name="testCase1" finished-at="2020-10-08T10:26:22 PET" duration-ms="35" status="PASS">
          <reporter-output>
          </reporter-output>
        </test-method> <!-- testCase1 -->
        <test-method signature="testCase1()[pri:0, instance:cs.lab.ValidatorTest@76075d65]" started-at="2020-10-08T10:26:22 PET" name="testCase1" finished-at="2020-10-08T10:26:22 PET" duration-ms="37" status="PASS">
          <reporter-output>
          </reporter-output>
        </test-method> <!-- testCase1 -->
        <test-method signature="testCase1()[pri:0, instance:cs.lab.ValidatorTest@76075d65]" started-at="2020-10-08T10:26:22 PET" name="testCase1" finished-at="2020-10-08T10:26:22 PET" duration-ms="33" status="PASS">
          <reporter-output>
          </reporter-output>
        </test-method> <!-- testCase1 -->
        <test-method signature="testCase1()[pri:0, instance:cs.lab.ValidatorTest@76075d65]" started-at="2020-10-08T10:26:22 PET" name="testCase1" finished-at="2020-10-08T10:26:22 PET" duration-ms="36" status="PASS">
          <reporter-output>
          </reporter-output>
        </test-method> <!-- testCase1 -->
        <test-method signature="testCase1()[pri:0, instance:cs.lab.ValidatorTest@76075d65]" started-at="2020-10-08T10:26:22 PET" name="testCase1" finished-at="2020-10-08T10:26:22 PET" duration-ms="30" status="PASS">
          <reporter-output>
          </reporter-output>
        </test-method> <!-- testCase1 -->
        <test-method signature="testCase1()[pri:0, instance:cs.lab.ValidatorTest@76075d65]" started-at="2020-10-08T10:26:22 PET" name="testCase1" finished-at="2020-10-08T10:26:22 PET" duration-ms="26" status="PASS">
          <reporter-output>
          </reporter-output>
        </test-method> <!-- testCase1 -->
        <test-method signature="testCase1()[pri:0, instance:cs.lab.ValidatorTest@76075d65]" started-at="2020-10-08T10:26:22 PET" name="testCase1" finished-at="2020-10-08T10:26:22 PET" duration-ms="33" status="PASS">
          <reporter-output>
          </reporter-output>
        </test-method> <!-- testCase1 -->
        <test-method signature="testCase1()[pri:0, instance:cs.lab.ValidatorTest@76075d65]" started-at="2020-10-08T10:26:22 PET" name="testCase1" finished-at="2020-10-08T10:26:22 PET" duration-ms="31" status="PASS">
          <reporter-output>
          </reporter-output>
        </test-method> <!-- testCase1 -->
        <test-method signature="testCase1()[pri:0, instance:cs.lab.ValidatorTest@76075d65]" started-at="2020-10-08T10:26:22 PET" name="testCase1" finished-at="2020-10-08T10:26:22 PET" duration-ms="31" status="PASS">
          <reporter-output>
          </reporter-output>
        </test-method> <!-- testCase1 -->
        <test-method signature="testCase1()[pri:0, instance:cs.lab.ValidatorTest@76075d65]" started-at="2020-10-08T10:26:22 PET" name="testCase1" finished-at="2020-10-08T10:26:22 PET" duration-ms="29" status="PASS">
          <reporter-output>
          </reporter-output>
        </test-method> <!-- testCase1 -->
        <test-method signature="testCase1()[pri:0, instance:cs.lab.ValidatorTest@76075d65]" started-at="2020-10-08T10:26:22 PET" name="testCase1" finished-at="2020-10-08T10:26:22 PET" duration-ms="23" status="PASS">
          <reporter-output>
          </reporter-output>
        </test-method> <!-- testCase1 -->
        <test-method signature="testCase1()[pri:0, instance:cs.lab.ValidatorTest@76075d65]" started-at="2020-10-08T10:26:22 PET" name="testCase1" finished-at="2020-10-08T10:26:22 PET" duration-ms="18" status="PASS">
          <reporter-output>
          </reporter-output>
        </test-method> <!-- testCase1 -->
        <test-method signature="testCase1()[pri:0, instance:cs.lab.ValidatorTest@76075d65]" started-at="2020-10-08T10:26:22 PET" name="testCase1" finished-at="2020-10-08T10:26:22 PET" duration-ms="17" status="PASS">
          <reporter-output>
          </reporter-output>
        </test-method> <!-- testCase1 -->
        <test-method signature="testCase1()[pri:0, instance:cs.lab.ValidatorTest@76075d65]" started-at="2020-10-08T10:26:22 PET" name="testCase1" finished-at="2020-10-08T10:26:22 PET" duration-ms="17" status="PASS">
          <reporter-output>
          </reporter-output>
        </test-method> <!-- testCase1 -->
        <test-method signature="testCase1()[pri:0, instance:cs.lab.ValidatorTest@76075d65]" started-at="2020-10-08T10:26:22 PET" name="testCase1" finished-at="2020-10-08T10:26:22 PET" duration-ms="16" status="PASS">
          <reporter-output>
          </reporter-output>
        </test-method> <!-- testCase1 -->
        <test-method signature="testCase1()[pri:0, instance:cs.lab.ValidatorTest@76075d65]" started-at="2020-10-08T10:26:22 PET" name="testCase1" finished-at="2020-10-08T10:26:22 PET" duration-ms="16" status="PASS">
          <reporter-output>
          </reporter-output>
        </test-method> <!-- testCase1 -->
        <test-method signature="testCase1()[pri:0, instance:cs.lab.ValidatorTest@76075d65]" started-at="2020-10-08T10:26:22 PET" name="testCase1" finished-at="2020-10-08T10:26:22 PET" duration-ms="17" status="PASS">
          <reporter-output>
          </reporter-output>
        </test-method> <!-- testCase1 -->
        <test-method signature="testCase1()[pri:0, instance:cs.lab.ValidatorTest@76075d65]" started-at="2020-10-08T10:26:22 PET" name="testCase1" finished-at="2020-10-08T10:26:22 PET" duration-ms="16" status="PASS">
          <reporter-output>
          </reporter-output>
        </test-method> <!-- testCase1 -->
        <test-method signature="testCase1()[pri:0, instance:cs.lab.ValidatorTest@76075d65]" started-at="2020-10-08T10:26:22 PET" name="testCase1" finished-at="2020-10-08T10:26:22 PET" duration-ms="16" status="PASS">
          <reporter-output>
          </reporter-output>
        </test-method> <!-- testCase1 -->
        <test-method signature="testCase1()[pri:0, instance:cs.lab.ValidatorTest@76075d65]" started-at="2020-10-08T10:26:22 PET" name="testCase1" finished-at="2020-10-08T10:26:22 PET" duration-ms="15" status="PASS">
          <reporter-output>
          </reporter-output>
        </test-method> <!-- testCase1 -->
        <test-method signature="testCase1()[pri:0, instance:cs.lab.ValidatorTest@76075d65]" started-at="2020-10-08T10:26:22 PET" name="testCase1" finished-at="2020-10-08T10:26:22 PET" duration-ms="15" status="PASS">
          <reporter-output>
          </reporter-output>
        </test-method> <!-- testCase1 -->
        <test-method signature="testCase1()[pri:0, instance:cs.lab.ValidatorTest@76075d65]" started-at="2020-10-08T10:26:22 PET" name="testCase1" finished-at="2020-10-08T10:26:22 PET" duration-ms="15" status="PASS">
          <reporter-output>
          </reporter-output>
        </test-method> <!-- testCase1 -->
        <test-method signature="testCase1()[pri:0, instance:cs.lab.ValidatorTest@76075d65]" started-at="2020-10-08T10:26:22 PET" name="testCase1" finished-at="2020-10-08T10:26:22 PET" duration-ms="13" status="PASS">
          <reporter-output>
          </reporter-output>
        </test-method> <!-- testCase1 -->
        <test-method signature="testCase1()[pri:0, instance:cs.lab.ValidatorTest@76075d65]" started-at="2020-10-08T10:26:22 PET" name="testCase1" finished-at="2020-10-08T10:26:22 PET" duration-ms="12" status="PASS">
          <reporter-output>
          </reporter-output>
        </test-method> <!-- testCase1 -->
        <test-method signature="testCase1()[pri:0, instance:cs.lab.ValidatorTest@76075d65]" started-at="2020-10-08T10:26:22 PET" name="testCase1" finished-at="2020-10-08T10:26:22 PET" duration-ms="12" status="PASS">
          <reporter-output>
          </reporter-output>
        </test-method> <!-- testCase1 -->
        <test-method signature="testCase1()[pri:0, instance:cs.lab.ValidatorTest@76075d65]" started-at="2020-10-08T10:26:22 PET" name="testCase1" finished-at="2020-10-08T10:26:22 PET" duration-ms="13" status="PASS">
          <reporter-output>
          </reporter-output>
        </test-method> <!-- testCase1 -->
        <test-method signature="testCase1()[pri:0, instance:cs.lab.ValidatorTest@76075d65]" started-at="2020-10-08T10:26:22 PET" name="testCase1" finished-at="2020-10-08T10:26:22 PET" duration-ms="12" status="PASS">
          <reporter-output>
          </reporter-output>
        </test-method> <!-- testCase1 -->
        <test-method signature="testCase1()[pri:0, instance:cs.lab.ValidatorTest@76075d65]" started-at="2020-10-08T10:26:22 PET" name="testCase1" finished-at="2020-10-08T10:26:22 PET" duration-ms="13" status="PASS">
          <reporter-output>
          </reporter-output>
        </test-method> <!-- testCase1 -->
        <test-method signature="testCase1()[pri:0, instance:cs.lab.ValidatorTest@76075d65]" started-at="2020-10-08T10:26:22 PET" name="testCase1" finished-at="2020-10-08T10:26:22 PET" duration-ms="11" status="PASS">
          <reporter-output>
          </reporter-output>
        </test-method> <!-- testCase1 -->
        <test-method signature="testCase1()[pri:0, instance:cs.lab.ValidatorTest@76075d65]" started-at="2020-10-08T10:26:22 PET" name="testCase1" finished-at="2020-10-08T10:26:22 PET" duration-ms="12" status="PASS">
          <reporter-output>
          </reporter-output>
        </test-method> <!-- testCase1 -->
        <test-method signature="testCase1()[pri:0, instance:cs.lab.ValidatorTest@76075d65]" started-at="2020-10-08T10:26:22 PET" name="testCase1" finished-at="2020-10-08T10:26:22 PET" duration-ms="10" status="PASS">
          <reporter-output>
          </reporter-output>
        </test-method> <!-- testCase1 -->
        <test-method signature="testCase1()[pri:0, instance:cs.lab.ValidatorTest@76075d65]" started-at="2020-10-08T10:26:22 PET" name="testCase1" finished-at="2020-10-08T10:26:22 PET" duration-ms="11" status="PASS">
          <reporter-output>
          </reporter-output>
        </test-method> <!-- testCase1 -->
        <test-method signature="testCase1()[pri:0, instance:cs.lab.ValidatorTest@76075d65]" started-at="2020-10-08T10:26:22 PET" name="testCase1" finished-at="2020-10-08T10:26:22 PET" duration-ms="8" status="PASS">
          <reporter-output>
          </reporter-output>
        </test-method> <!-- testCase1 -->
        <test-method signature="testCase1()[pri:0, instance:cs.lab.ValidatorTest@76075d65]" started-at="2020-10-08T10:26:22 PET" name="testCase1" finished-at="2020-10-08T10:26:22 PET" duration-ms="9" status="PASS">
          <reporter-output>
          </reporter-output>
        </test-method> <!-- testCase1 -->
        <test-method signature="testCase1()[pri:0, instance:cs.lab.ValidatorTest@76075d65]" started-at="2020-10-08T10:26:22 PET" name="testCase1" finished-at="2020-10-08T10:26:22 PET" duration-ms="11" status="PASS">
          <reporter-output>
          </reporter-output>
        </test-method> <!-- testCase1 -->
        <test-method signature="testCase1()[pri:0, instance:cs.lab.ValidatorTest@76075d65]" started-at="2020-10-08T10:26:22 PET" name="testCase1" finished-at="2020-10-08T10:26:22 PET" duration-ms="12" status="PASS">
          <reporter-output>
          </reporter-output>
        </test-method> <!-- testCase1 -->
        <test-method signature="testCase1()[pri:0, instance:cs.lab.ValidatorTest@76075d65]" started-at="2020-10-08T10:26:22 PET" name="testCase1" finished-at="2020-10-08T10:26:22 PET" duration-ms="4" status="PASS">
          <reporter-output>
          </reporter-output>
        </test-method> <!-- testCase1 -->
        <test-method signature="testCase1()[pri:0, instance:cs.lab.ValidatorTest@76075d65]" started-at="2020-10-08T10:26:22 PET" name="testCase1" finished-at="2020-10-08T10:26:22 PET" duration-ms="9" status="PASS">
          <reporter-output>
          </reporter-output>
        </test-method> <!-- testCase1 -->
        <test-method signature="testCase1()[pri:0, instance:cs.lab.ValidatorTest@76075d65]" started-at="2020-10-08T10:26:22 PET" name="testCase1" finished-at="2020-10-08T10:26:22 PET" duration-ms="0" status="PASS">
          <reporter-output>
          </reporter-output>
        </test-method> <!-- testCase1 -->
        <test-method signature="testCase1()[pri:0, instance:cs.lab.ValidatorTest@76075d65]" started-at="2020-10-08T10:26:22 PET" name="testCase1" finished-at="2020-10-08T10:26:22 PET" duration-ms="0" status="PASS">
          <reporter-output>
          </reporter-output>
        </test-method> <!-- testCase1 -->
        <test-method signature="testCase1()[pri:0, instance:cs.lab.ValidatorTest@76075d65]" started-at="2020-10-08T10:26:22 PET" name="testCase1" finished-at="2020-10-08T10:26:22 PET" duration-ms="1" status="PASS">
          <reporter-output>
          </reporter-output>
        </test-method> <!-- testCase1 -->
        <test-method signature="testCase1()[pri:0, instance:cs.lab.ValidatorTest@76075d65]" started-at="2020-10-08T10:26:22 PET" name="testCase1" finished-at="2020-10-08T10:26:22 PET" duration-ms="1" status="PASS">
          <reporter-output>
          </reporter-output>
        </test-method> <!-- testCase1 -->
        <test-method signature="testCase1()[pri:0, instance:cs.lab.ValidatorTest@76075d65]" started-at="2020-10-08T10:26:22 PET" name="testCase1" finished-at="2020-10-08T10:26:22 PET" duration-ms="1" status="PASS">
          <reporter-output>
          </reporter-output>
        </test-method> <!-- testCase1 -->
        <test-method signature="testCase1()[pri:0, instance:cs.lab.ValidatorTest@76075d65]" started-at="2020-10-08T10:26:22 PET" name="testCase1" finished-at="2020-10-08T10:26:22 PET" duration-ms="1" status="PASS">
          <reporter-output>
          </reporter-output>
        </test-method> <!-- testCase1 -->
        <test-method signature="testCase1()[pri:0, instance:cs.lab.ValidatorTest@76075d65]" started-at="2020-10-08T10:26:22 PET" name="testCase1" finished-at="2020-10-08T10:26:22 PET" duration-ms="0" status="PASS">
          <reporter-output>
          </reporter-output>
        </test-method> <!-- testCase1 -->
        <test-method signature="testCase1()[pri:0, instance:cs.lab.ValidatorTest@76075d65]" started-at="2020-10-08T10:26:22 PET" name="testCase1" finished-at="2020-10-08T10:26:22 PET" duration-ms="0" status="PASS">
          <reporter-output>
          </reporter-output>
        </test-method> <!-- testCase1 -->
        <test-method signature="testCase1()[pri:0, instance:cs.lab.ValidatorTest@76075d65]" started-at="2020-10-08T10:26:22 PET" name="testCase1" finished-at="2020-10-08T10:26:22 PET" duration-ms="0" status="PASS">
          <reporter-output>
          </reporter-output>
        </test-method> <!-- testCase1 -->
        <test-method signature="testCase1()[pri:0, instance:cs.lab.ValidatorTest@76075d65]" started-at="2020-10-08T10:26:22 PET" name="testCase1" finished-at="2020-10-08T10:26:22 PET" duration-ms="0" status="PASS">
          <reporter-output>
          </reporter-output>
        </test-method> <!-- testCase1 -->
        <test-method signature="testCase1()[pri:0, instance:cs.lab.ValidatorTest@76075d65]" started-at="2020-10-08T10:26:22 PET" name="testCase1" finished-at="2020-10-08T10:26:22 PET" duration-ms="1" status="PASS">
          <reporter-output>
          </reporter-output>
        </test-method> <!-- testCase1 -->
        <test-method signature="testCase1()[pri:0, instance:cs.lab.ValidatorTest@76075d65]" started-at="2020-10-08T10:26:22 PET" name="testCase1" finished-at="2020-10-08T10:26:22 PET" duration-ms="0" status="PASS">
          <reporter-output>
          </reporter-output>
        </test-method> <!-- testCase1 -->
        <test-method signature="testCase1()[pri:0, instance:cs.lab.ValidatorTest@76075d65]" started-at="2020-10-08T10:26:22 PET" name="testCase1" finished-at="2020-10-08T10:26:22 PET" duration-ms="0" status="PASS">
          <reporter-output>
          </reporter-output>
        </test-method> <!-- testCase1 -->
        <test-method signature="testCase1()[pri:0, instance:cs.lab.ValidatorTest@76075d65]" started-at="2020-10-08T10:26:22 PET" name="testCase1" finished-at="2020-10-08T10:26:22 PET" duration-ms="1" status="PASS">
          <reporter-output>
          </reporter-output>
        </test-method> <!-- testCase1 -->
        <test-method signature="testCase1()[pri:0, instance:cs.lab.ValidatorTest@76075d65]" started-at="2020-10-08T10:26:22 PET" name="testCase1" finished-at="2020-10-08T10:26:22 PET" duration-ms="0" status="PASS">
          <reporter-output>
          </reporter-output>
        </test-method> <!-- testCase1 -->
        <test-method signature="testCase1()[pri:0, instance:cs.lab.ValidatorTest@76075d65]" started-at="2020-10-08T10:26:22 PET" name="testCase1" finished-at="2020-10-08T10:26:22 PET" duration-ms="0" status="PASS">
          <reporter-output>
          </reporter-output>
        </test-method> <!-- testCase1 -->
        <test-method signature="testCase1()[pri:0, instance:cs.lab.ValidatorTest@76075d65]" started-at="2020-10-08T10:26:22 PET" name="testCase1" finished-at="2020-10-08T10:26:22 PET" duration-ms="0" status="PASS">
          <reporter-output>
          </reporter-output>
        </test-method> <!-- testCase1 -->
        <test-method signature="testCase1()[pri:0, instance:cs.lab.ValidatorTest@76075d65]" started-at="2020-10-08T10:26:22 PET" name="testCase1" finished-at="2020-10-08T10:26:22 PET" duration-ms="0" status="PASS">
          <reporter-output>
          </reporter-output>
        </test-method> <!-- testCase1 -->
        <test-method signature="testCase1()[pri:0, instance:cs.lab.ValidatorTest@76075d65]" started-at="2020-10-08T10:26:22 PET" name="testCase1" finished-at="2020-10-08T10:26:22 PET" duration-ms="0" status="PASS">
          <reporter-output>
          </reporter-output>
        </test-method> <!-- testCase1 -->
        <test-method signature="testCase1()[pri:0, instance:cs.lab.ValidatorTest@76075d65]" started-at="2020-10-08T10:26:22 PET" name="testCase1" finished-at="2020-10-08T10:26:22 PET" duration-ms="0" status="PASS">
          <reporter-output>
          </reporter-output>
        </test-method> <!-- testCase1 -->
        <test-method signature="testCase1()[pri:0, instance:cs.lab.ValidatorTest@76075d65]" started-at="2020-10-08T10:26:22 PET" name="testCase1" finished-at="2020-10-08T10:26:22 PET" duration-ms="0" status="PASS">
          <reporter-output>
          </reporter-output>
        </test-method> <!-- testCase1 -->
        <test-method signature="testCase1()[pri:0, instance:cs.lab.ValidatorTest@76075d65]" started-at="2020-10-08T10:26:22 PET" name="testCase1" finished-at="2020-10-08T10:26:22 PET" duration-ms="0" status="PASS">
          <reporter-output>
          </reporter-output>
        </test-method> <!-- testCase1 -->
        <test-method signature="testCase1()[pri:0, instance:cs.lab.ValidatorTest@76075d65]" started-at="2020-10-08T10:26:22 PET" name="testCase1" finished-at="2020-10-08T10:26:22 PET" duration-ms="0" status="PASS">
          <reporter-output>
          </reporter-output>
        </test-method> <!-- testCase1 -->
        <test-method signature="testCase1()[pri:0, instance:cs.lab.ValidatorTest@76075d65]" started-at="2020-10-08T10:26:22 PET" name="testCase1" finished-at="2020-10-08T10:26:22 PET" duration-ms="0" status="PASS">
          <reporter-output>
          </reporter-output>
        </test-method> <!-- testCase1 -->
        <test-method signature="testCase2()[pri:0, instance:cs.lab.ValidatorTest@76075d65]" started-at="2020-10-08T10:26:22 PET" name="testCase2" finished-at="2020-10-08T10:26:22 PET" duration-ms="0" status="FAIL">
          <exception class="cs.lab.IncorrectFormatException">
            <message>
              <![CDATA[Revise su formato]]>
            </message>
            <full-stacktrace>
              <![CDATA[cs.lab.IncorrectFormatException: Revise su formato
at cs.lab.Description.validate(Description.java:25)
at cs.lab.Validator.nextClass(Validator.java:33)
at cs.lab.ValidatorTest.testCase2(ValidatorTest.java:38)
at java.base/jdk.internal.reflect.NativeMethodAccessorImpl.invoke0(Native Method)
at java.base/jdk.internal.reflect.NativeMethodAccessorImpl.invoke(NativeMethodAccessorImpl.java:62)
at java.base/jdk.internal.reflect.DelegatingMethodAccessorImpl.invoke(DelegatingMethodAccessorImpl.java:43)
at java.base/java.lang.reflect.Method.invoke(Method.java:566)
at org.testng.internal.MethodInvocationHelper.invokeMethod(MethodInvocationHelper.java:131)
at org.testng.internal.Invoker.invokeMethod(Invoker.java:658)
at org.testng.internal.Invoker.invokeTestMethod(Invoker.java:792)
at org.testng.internal.Invoker.invokeTestMethods(Invoker.java:1103)
at org.testng.internal.TestMethodWorker.invokeTestMethods(TestMethodWorker.java:140)
at org.testng.internal.TestMethodWorker.run(TestMethodWorker.java:122)
at org.testng.TestRunner.privateRun(TestRunner.java:739)
at org.testng.TestRunner.run(TestRunner.java:589)
at org.testng.SuiteRunner.runTest(SuiteRunner.java:398)
at org.testng.SuiteRunner.runSequentially(SuiteRunner.java:392)
at org.testng.SuiteRunner.privateRun(SuiteRunner.java:354)
at org.testng.SuiteRunner.run(SuiteRunner.java:302)
at org.testng.SuiteRunnerWorker.runSuite(SuiteRunnerWorker.java:53)
at org.testng.SuiteRunnerWorker.run(SuiteRunnerWorker.java:96)
at org.testng.TestNG.runSuitesSequentially(TestNG.java:1145)
at org.testng.TestNG.runSuitesLocally(TestNG.java:1067)
at org.testng.TestNG.runSuites(TestNG.java:997)
at org.testng.TestNG.run(TestNG.java:965)
at org.apache.maven.surefire.testng.TestNGExecutor.run(TestNGExecutor.java:77)
at org.apache.maven.surefire.testng.TestNGDirectoryTestSuite.execute(TestNGDirectoryTestSuite.java:110)
at org.apache.maven.surefire.testng.TestNGProvider.invoke(TestNGProvider.java:106)
at java.base/jdk.internal.reflect.NativeMethodAccessorImpl.invoke0(Native Method)
at java.base/jdk.internal.reflect.NativeMethodAccessorImpl.invoke(NativeMethodAccessorImpl.java:62)
at java.base/jdk.internal.reflect.DelegatingMethodAccessorImpl.invoke(DelegatingMethodAccessorImpl.java:43)
at java.base/java.lang.reflect.Method.invoke(Method.java:566)
at org.apache.maven.surefire.util.ReflectionUtils.invokeMethodWithArray(ReflectionUtils.java:189)
at org.apache.maven.surefire.booter.ProviderFactory$ProviderProxy.invoke(ProviderFactory.java:165)
at org.apache.maven.surefire.booter.ProviderFactory.invokeProvider(ProviderFactory.java:85)
at org.apache.maven.surefire.booter.ForkedBooter.runSuitesInProcess(ForkedBooter.java:115)
at org.apache.maven.surefire.booter.ForkedBooter.main(ForkedBooter.java:75)
]]>
            </full-stacktrace>
          </exception> <!-- cs.lab.IncorrectFormatException -->
          <reporter-output>
          </reporter-output>
        </test-method> <!-- testCase2 -->
        <test-method signature="testIncorrectFormat()[pri:0, instance:cs.lab.ValidatorTest@76075d65]" started-at="2020-10-08T10:26:22 PET" name="testIncorrectFormat" finished-at="2020-10-08T10:26:22 PET" duration-ms="1" status="PASS">
          <exception class="cs.lab.IncorrectFormatException">
            <message>
              <![CDATA[Revise su formato]]>
            </message>
            <full-stacktrace>
              <![CDATA[cs.lab.IncorrectFormatException: Revise su formato
at cs.lab.Description.validate(Description.java:25)
at cs.lab.Validator.nextClass(Validator.java:33)
at cs.lab.ValidatorTest.testIncorrectFormat(ValidatorTest.java:32)
at java.base/jdk.internal.reflect.NativeMethodAccessorImpl.invoke0(Native Method)
at java.base/jdk.internal.reflect.NativeMethodAccessorImpl.invoke(NativeMethodAccessorImpl.java:62)
at java.base/jdk.internal.reflect.DelegatingMethodAccessorImpl.invoke(DelegatingMethodAccessorImpl.java:43)
at java.base/java.lang.reflect.Method.invoke(Method.java:566)
at org.testng.internal.MethodInvocationHelper.invokeMethod(MethodInvocationHelper.java:131)
at org.testng.internal.Invoker.invokeMethod(Invoker.java:658)
at org.testng.internal.Invoker.invokeTestMethod(Invoker.java:792)
at org.testng.internal.Invoker.invokeTestMethods(Invoker.java:1103)
at org.testng.internal.TestMethodWorker.invokeTestMethods(TestMethodWorker.java:140)
at org.testng.internal.TestMethodWorker.run(TestMethodWorker.java:122)
at org.testng.TestRunner.privateRun(TestRunner.java:739)
at org.testng.TestRunner.run(TestRunner.java:589)
at org.testng.SuiteRunner.runTest(SuiteRunner.java:398)
at org.testng.SuiteRunner.runSequentially(SuiteRunner.java:392)
at org.testng.SuiteRunner.privateRun(SuiteRunner.java:354)
at org.testng.SuiteRunner.run(SuiteRunner.java:302)
at org.testng.SuiteRunnerWorker.runSuite(SuiteRunnerWorker.java:53)
at org.testng.SuiteRunnerWorker.run(SuiteRunnerWorker.java:96)
at org.testng.TestNG.runSuitesSequentially(TestNG.java:1145)
at org.testng.TestNG.runSuitesLocally(TestNG.java:1067)
at org.testng.TestNG.runSuites(TestNG.java:997)
at org.testng.TestNG.run(TestNG.java:965)
at org.apache.maven.surefire.testng.TestNGExecutor.run(TestNGExecutor.java:77)
at org.apache.maven.surefire.testng.TestNGDirectoryTestSuite.execute(TestNGDirectoryTestSuite.java:110)
at org.apache.maven.surefire.testng.TestNGProvider.invoke(TestNGProvider.java:106)
at java.base/jdk.internal.reflect.NativeMethodAccessorImpl.invoke0(Native Method)
at java.base/jdk.internal.reflect.NativeMethodAccessorImpl.invoke(NativeMethodAccessorImpl.java:62)
at java.base/jdk.internal.reflect.DelegatingMethodAccessorImpl.invoke(DelegatingMethodAccessorImpl.java:43)
at java.base/java.lang.reflect.Method.invoke(Method.java:566)
at org.apache.maven.surefire.util.ReflectionUtils.invokeMethodWithArray(ReflectionUtils.java:189)
at org.apache.maven.surefire.booter.ProviderFactory$ProviderProxy.invoke(ProviderFactory.java:165)
at org.apache.maven.surefire.booter.ProviderFactory.invokeProvider(ProviderFactory.java:85)
at org.apache.maven.surefire.booter.ForkedBooter.runSuitesInProcess(ForkedBooter.java:115)
at org.apache.maven.surefire.booter.ForkedBooter.main(ForkedBooter.java:75)
]]>
            </full-stacktrace>
          </exception> <!-- cs.lab.IncorrectFormatException -->
          <reporter-output>
          </reporter-output>
        </test-method> <!-- testIncorrectFormat -->
      </class> <!-- cs.lab.ValidatorTest -->
    </test> <!-- Command line test -->
  </suite> <!-- cs.lab.ValidatorTest -->
</testng-results>
